TN:
SF:app.js
FN:83,executeAzureAIOperationWithRetry
FN:141,isRetriableAzureError
FN:155,validateAndSanitizeUserInput
FN:174,(anonymous_3)
FN:192,sleep
FN:193,(anonymous_5)
FN:218,(anonymous_6)
FN:237,(anonymous_7)
FN:287,(anonymous_8)
FN:315,(anonymous_9)
FN:341,(anonymous_10)
FN:357,(anonymous_11)
FN:376,(anonymous_12)
FN:389,(anonymous_13)
FN:400,(anonymous_14)
FN:410,(anonymous_15)
FN:431,(anonymous_16)
FN:461,(anonymous_17)
FN:487,(anonymous_18)
FN:513,(anonymous_19)
FN:536,(anonymous_20)
FN:559,(anonymous_21)
FN:584,(anonymous_22)
FN:603,(anonymous_23)
FN:626,(anonymous_24)
FN:658,(anonymous_25)
FN:695,(anonymous_26)
FN:706,(anonymous_27)
FN:747,cleanupPort3000
FN:785,(anonymous_29)
FN:791,(anonymous_30)
FNF:31
FNH:0
FNDA:0,executeAzureAIOperationWithRetry
FNDA:0,isRetriableAzureError
FNDA:0,validateAndSanitizeUserInput
FNDA:0,(anonymous_3)
FNDA:0,sleep
FNDA:0,(anonymous_5)
FNDA:0,(anonymous_6)
FNDA:0,(anonymous_7)
FNDA:0,(anonymous_8)
FNDA:0,(anonymous_9)
FNDA:0,(anonymous_10)
FNDA:0,(anonymous_11)
FNDA:0,(anonymous_12)
FNDA:0,(anonymous_13)
FNDA:0,(anonymous_14)
FNDA:0,(anonymous_15)
FNDA:0,(anonymous_16)
FNDA:0,(anonymous_17)
FNDA:0,(anonymous_18)
FNDA:0,(anonymous_19)
FNDA:0,(anonymous_20)
FNDA:0,(anonymous_21)
FNDA:0,(anonymous_22)
FNDA:0,(anonymous_23)
FNDA:0,(anonymous_24)
FNDA:0,(anonymous_25)
FNDA:0,(anonymous_26)
FNDA:0,(anonymous_27)
FNDA:0,cleanupPort3000
FNDA:0,(anonymous_29)
FNDA:0,(anonymous_30)
DA:21,0
DA:22,0
DA:23,0
DA:24,0
DA:25,0
DA:26,0
DA:31,0
DA:32,0
DA:33,0
DA:34,0
DA:35,0
DA:47,0
DA:84,0
DA:87,0
DA:88,0
DA:89,0
DA:91,0
DA:92,0
DA:93,0
DA:95,0
DA:96,0
DA:98,0
DA:101,0
DA:104,0
DA:105,0
DA:108,0
DA:109,0
DA:110,0
DA:111,0
DA:115,0
DA:116,0
DA:117,0
DA:121,0
DA:122,0
DA:127,0
DA:128,0
DA:133,0
DA:134,0
DA:143,0
DA:144,0
DA:147,0
DA:148,0
DA:156,0
DA:158,0
DA:159,0
DA:162,0
DA:163,0
DA:167,0
DA:170,0
DA:173,0
DA:174,0
DA:176,0
DA:177,0
DA:180,0
DA:193,0
DA:199,0
DA:219,0
DA:220,0
DA:221,0
DA:230,0
DA:231,0
DA:238,0
DA:240,0
DA:242,0
DA:243,0
DA:245,0
DA:246,0
DA:251,0
DA:252,0
DA:256,0
DA:257,0
DA:261,0
DA:265,0
DA:266,0
DA:273,0
DA:276,0
DA:279,0
DA:280,0
DA:288,0
DA:289,0
DA:290,0
DA:291,0
DA:292,0
DA:295,0
DA:296,0
DA:297,0
DA:298,0
DA:299,0
DA:300,0
DA:302,0
DA:303,0
DA:304,0
DA:305,0
DA:306,0
DA:307,0
DA:309,0
DA:316,0
DA:327,0
DA:335,0
DA:342,0
DA:343,0
DA:345,0
DA:346,0
DA:347,0
DA:348,0
DA:351,0
DA:353,0
DA:354,0
DA:356,0
DA:358,0
DA:359,0
DA:367,0
DA:370,0
DA:373,0
DA:377,0
DA:380,0
DA:381,0
DA:382,0
DA:383,0
DA:387,0
DA:388,0
DA:389,0
DA:390,0
DA:391,0
DA:392,0
DA:394,0
DA:398,0
DA:399,0
DA:400,0
DA:401,0
DA:402,0
DA:404,0
DA:408,0
DA:409,0
DA:410,0
DA:411,0
DA:413,0
DA:417,0
DA:418,0
DA:419,0
DA:420,0
DA:421,0
DA:422,0
DA:425,0
DA:432,0
DA:433,0
DA:435,0
DA:436,0
DA:437,0
DA:438,0
DA:441,0
DA:449,0
DA:451,0
DA:452,0
DA:454,0
DA:455,0
DA:457,0
DA:458,0
DA:460,0
DA:462,0
DA:468,0
DA:477,0
DA:480,0
DA:484,0
DA:488,0
DA:491,0
DA:493,0
DA:495,0
DA:498,0
DA:499,0
DA:500,0
DA:503,0
DA:504,0
DA:507,0
DA:514,0
DA:515,0
DA:517,0
DA:518,0
DA:519,0
DA:520,0
DA:523,0
DA:525,0
DA:526,0
DA:527,0
DA:528,0
DA:529,0
DA:530,0
DA:531,0
DA:533,0
DA:535,0
DA:537,0
DA:544,0
DA:549,0
DA:552,0
DA:553,0
DA:556,0
DA:560,0
DA:562,0
DA:563,0
DA:565,0
DA:568,0
DA:569,0
DA:573,0
DA:574,0
DA:577,0
DA:578,0
DA:582,0
DA:583,0
DA:584,0
DA:585,0
DA:586,0
DA:587,0
DA:592,0
DA:593,0
DA:594,0
DA:595,0
DA:596,0
DA:604,0
DA:605,0
DA:607,0
DA:608,0
DA:609,0
DA:610,0
DA:613,0
DA:619,0
DA:620,0
DA:621,0
DA:622,0
DA:624,0
DA:625,0
DA:627,0
DA:642,0
DA:643,0
DA:644,0
DA:645,0
DA:648,0
DA:652,0
DA:659,0
DA:660,0
DA:663,0
DA:664,0
DA:665,0
DA:666,0
DA:667,0
DA:668,0
DA:673,0
DA:674,0
DA:675,0
DA:676,0
DA:677,0
DA:679,0
DA:681,0
DA:683,0
DA:684,0
DA:685,0
DA:686,0
DA:687,0
DA:688,0
DA:689,0
DA:696,0
DA:707,0
DA:709,0
DA:710,0
DA:711,0
DA:713,0
DA:715,0
DA:716,0
DA:718,0
DA:719,0
DA:721,0
DA:722,0
DA:724,0
DA:725,0
DA:727,0
DA:728,0
DA:729,0
DA:731,0
DA:732,0
DA:733,0
DA:735,0
DA:736,0
DA:737,0
DA:738,0
DA:748,0
DA:749,0
DA:750,0
DA:752,0
DA:753,0
DA:756,0
DA:757,0
DA:761,0
DA:763,0
DA:764,0
DA:766,0
DA:770,0
DA:771,0
DA:773,0
DA:777,0
DA:784,0
DA:785,0
DA:787,0
DA:789,0
DA:790,0
DA:792,0
DA:793,0
DA:794,0
DA:798,0
LF:307
LH:0
BRDA:83,0,0,0
BRDA:95,1,0,0
BRDA:95,1,1,0
BRDA:108,2,0,0
BRDA:108,2,1,0
BRDA:108,3,0,0
BRDA:108,3,1,0
BRDA:115,4,0,0
BRDA:115,4,1,0
BRDA:121,5,0,0
BRDA:121,5,1,0
BRDA:144,6,0,0
BRDA:144,6,1,0
BRDA:155,7,0,0
BRDA:156,8,0,0
BRDA:156,8,1,0
BRDA:158,9,0,0
BRDA:158,9,1,0
BRDA:158,10,0,0
BRDA:158,10,1,0
BRDA:162,11,0,0
BRDA:162,11,1,0
BRDA:176,12,0,0
BRDA:176,12,1,0
BRDA:242,13,0,0
BRDA:242,13,1,0
BRDA:242,14,0,0
BRDA:242,14,1,0
BRDA:256,15,0,0
BRDA:256,15,1,0
BRDA:256,16,0,0
BRDA:256,16,1,0
BRDA:265,17,0,0
BRDA:265,17,1,0
BRDA:265,18,0,0
BRDA:265,18,1,0
BRDA:345,19,0,0
BRDA:345,19,1,0
BRDA:380,20,0,0
BRDA:380,20,1,0
BRDA:387,21,0,0
BRDA:387,21,1,0
BRDA:391,22,0,0
BRDA:391,22,1,0
BRDA:391,23,0,0
BRDA:391,23,1,0
BRDA:398,24,0,0
BRDA:398,24,1,0
BRDA:408,25,0,0
BRDA:408,25,1,0
BRDA:417,26,0,0
BRDA:417,26,1,0
BRDA:420,27,0,0
BRDA:420,27,1,0
BRDA:421,28,0,0
BRDA:421,28,1,0
BRDA:435,29,0,0
BRDA:435,29,1,0
BRDA:491,30,0,0
BRDA:491,30,1,0
BRDA:492,31,0,0
BRDA:492,31,1,0
BRDA:503,32,0,0
BRDA:503,32,1,0
BRDA:517,33,0,0
BRDA:517,33,1,0
BRDA:562,34,0,0
BRDA:562,34,1,0
BRDA:562,35,0,0
BRDA:562,35,1,0
BRDA:568,36,0,0
BRDA:568,36,1,0
BRDA:573,37,0,0
BRDA:573,37,1,0
BRDA:577,38,0,0
BRDA:577,38,1,0
BRDA:582,39,0,0
BRDA:582,39,1,0
BRDA:582,40,0,0
BRDA:582,40,1,0
BRDA:585,41,0,0
BRDA:585,41,1,0
BRDA:586,42,0,0
BRDA:586,42,1,0
BRDA:607,43,0,0
BRDA:607,43,1,0
BRDA:665,44,0,0
BRDA:665,44,1,0
BRDA:667,45,0,0
BRDA:667,45,1,0
BRDA:679,46,0,0
BRDA:679,46,1,0
BRDA:713,47,0,0
BRDA:713,47,1,0
BRDA:713,47,2,0
BRDA:713,47,3,0
BRDA:713,47,4,0
BRDA:713,47,5,0
BRDA:713,47,6,0
BRDA:757,48,0,0
BRDA:757,48,1,0
BRDA:763,49,0,0
BRDA:763,49,1,0
BRDA:766,50,0,0
BRDA:766,50,1,0
BRDA:784,51,0,0
BRDA:784,51,1,0
BRF:107
BRH:0
end_of_record
TN:
SF:web-server.js
FN:31,(anonymous_0)
FN:543,(anonymous_1)
FN:563,(anonymous_2)
FN:576,(anonymous_3)
FN:576,(anonymous_4)
FN:577,(anonymous_5)
FN:577,(anonymous_6)
FN:604,(anonymous_7)
FN:633,(anonymous_8)
FN:642,(anonymous_9)
FNF:10
FNH:10
FNDA:3,(anonymous_0)
FNDA:2,(anonymous_1)
FNDA:7,(anonymous_2)
FNDA:30,(anonymous_3)
FNDA:196,(anonymous_4)
FNDA:30,(anonymous_5)
FNDA:198,(anonymous_6)
FNDA:3,(anonymous_7)
FNDA:3,(anonymous_8)
FNDA:1,(anonymous_9)
DA:8,1
DA:9,1
DA:10,1
DA:11,1
DA:12,1
DA:13,1
DA:15,1
DA:16,1
DA:19,1
DA:25,1
DA:26,1
DA:27,1
DA:28,1
DA:31,1
DA:32,3
DA:543,1
DA:544,2
DA:545,2
DA:546,0
DA:550,2
DA:558,0
DA:563,1
DA:564,7
DA:565,7
DA:567,7
DA:568,1
DA:572,6
DA:573,6
DA:575,6
DA:576,196
DA:577,198
DA:579,6
DA:580,6
DA:582,6
DA:583,2
DA:584,2
DA:585,4
DA:586,1
DA:587,1
DA:590,6
DA:599,0
DA:604,1
DA:605,3
DA:606,3
DA:608,3
DA:609,1
DA:613,2
DA:620,2
DA:622,2
DA:628,0
DA:633,1
DA:634,3
DA:642,1
DA:643,1
DA:650,1
LF:55
LH:51
BRDA:16,0,0,1
BRDA:16,0,1,1
BRDA:545,1,0,0
BRDA:545,1,1,2
BRDA:567,2,0,1
BRDA:567,2,1,6
BRDA:582,3,0,2
BRDA:582,3,1,4
BRDA:585,4,0,1
BRDA:585,4,1,3
BRDA:608,5,0,1
BRDA:608,5,1,2
BRF:12
BRH:11
end_of_record
